<?xml version="1.0" encoding="UTF-8"?>
<testsuite xmlns:xsi="http://www.w3.org/2001/XMLSchema-instance" xsi:noNamespaceSchemaLocation="https://maven.apache.org/surefire/maven-surefire-plugin/xsd/surefire-test-report.xsd" version="3.0.2" name="com.telemetry.controller.TelemetryControllerTest" time="2.426" tests="2" errors="0" skipped="0" failures="0" flakes="0">
  <properties>
[...]
</properties>
  <testcase name="streamReturnsTextEventStream" classname="com.telemetry.controller.TelemetryControllerTest" time="0.21">
    <system-out><![CDATA[17:51:21.353 [main] INFO org.springframework.test.context.support.AnnotationConfigContextLoaderUtils -- Could not detect default configuration classes for test class [com.telemetry.controller.TelemetryControllerTest]: TelemetryControllerTest does not declare any static, non-private, non-final, nested classes annotated with @Configuration.
17:51:21.473 [main] INFO org.springframework.boot.test.context.SpringBootTestContextBootstrapper -- Found @SpringBootConfiguration com.telemetry.TelemetryApplication for test class com.telemetry.controller.TelemetryControllerTest
17:51:21.475 [main] INFO org.springframework.test.context.support.AnnotationConfigContextLoaderUtils -- Could not detect default configuration classes for test class [com.telemetry.controller.TelemetryControllerTest]: TelemetryControllerTest does not declare any static, non-private, non-final, nested classes annotated with @Configuration.
17:51:21.487 [main] INFO org.springframework.boot.test.context.SpringBootTestContextBootstrapper -- Found @SpringBootConfiguration com.telemetry.TelemetryApplication for test class com.telemetry.controller.TelemetryControllerTest

  .   ____          _            __ _ _
 /\\ / ___'_ __ _ _(_)_ __  __ _ \ \ \ \
( ( )\___ | '_ | '_| | '_ \/ _` | \ \ \ \
 \\/  ___)| |_)| | | | | || (_| |  ) ) ) )
  '  |____| .__|_| |_|_| |_\__, | / / / /
 =========|_|==============|___/=/_/_/_/

 :: Spring Boot ::                (v4.0.6)

2026-05-16T17:51:21.860-04:00  INFO 42363 --- [backend-api] [           main] c.t.controller.TelemetryControllerTest   : Starting TelemetryControllerTest using Java 25.0.3 with PID 42363 (started by mlothian in /home/mlothian/projects/Telemetry-map-view/apps/backend-api)
2026-05-16T17:51:21.862-04:00 DEBUG 42363 --- [backend-api] [           main] c.t.controller.TelemetryControllerTest   : Running with Spring Boot v4.0.6, Spring v7.0.7
2026-05-16T17:51:21.863-04:00  INFO 42363 --- [backend-api] [           main] c.t.controller.TelemetryControllerTest   : No active profile set, falling back to 1 default profile: "default"
2026-05-16T17:51:23.304-04:00  INFO 42363 --- [backend-api] [           main] c.t.controller.TelemetryControllerTest   : Started TelemetryControllerTest in 1.769 seconds (process running for 4.776)
2026-05-16T17:51:23.447-04:00  INFO 42363 --- [backend-api] [     parallel-2] c.t.controller.TelemetryController       : SSE client connected: e98f60d4
]]></system-out>
  </testcase>
  <testcase name="streamRequiresAuthentication" classname="com.telemetry.controller.TelemetryControllerTest" time="0.019"/>
</testsuite>